# JRE version: Java(TM) SE Runtime Environment (17.0.8+9) (build 17.0.8+9-LTS-211)
# Java VM: Java HotSpot(TM) 64-Bit Server VM (17.0.8+9-LTS-211, mixed mode, sharing, tiered, compressed oops, compressed class ptrs, g1 gc, windows-amd64)
GC Precious Log:
 CPUs: 12 total, 12 available
 Memory: 7532M
 Large Page Support: Disabled
 NUMA Support: Disabled
 Compressed Oops: Enabled (32-bit)
 Heap Region Size: 1M
 Heap Min Capacity: 8M
 Heap Initial Capacity: 118M
 Heap Max Capacity: 1884M
 Pre-touch: Disabled
 Parallel Workers: 10
 Concurrent Workers: 3
 Concurrent Refinement Workers: 10
 Periodic GC: Disabled
Heap:
 garbage-first heap   total 150528K, used 89589K [0x000000008a400000, 0x0000000100000000)
  region size 1024K, 35 young (35840K), 2 survivors (2048K)
 Metaspace       used 101373K, committed 102144K, reserved 1179648K
  class space    used 13308K, committed 13696K, reserved 1048576K
GC Heap History (20 events):
Event: 9160.720 GC heap before
{Heap before GC invocations=57 (full 0):
 garbage-first heap   total 150528K, used 132324K [0x000000008a400000, 0x0000000100000000)
  region size 1024K, 76 young (77824K), 2 survivors (2048K)
 Metaspace       used 101124K, committed 101888K, reserved 1179648K
  class space    used 13306K, committed 13696K, reserved 1048576K
}
Event: 9160.734 GC heap after
{Heap after GC invocations=58 (full 0):
 garbage-first heap   total 150528K, used 56827K [0x000000008a400000, 0x0000000100000000)
  region size 1024K, 2 young (2048K), 2 survivors (2048K)
 Metaspace       used 101124K, committed 101888K, reserved 1179648K
  class space    used 13306K, committed 13696K, reserved 1048576K
}
Event: 9834.170 GC heap before
{Heap before GC invocations=58 (full 0):
 garbage-first heap   total 150528K, used 132603K [0x000000008a400000, 0x0000000100000000)
  region size 1024K, 76 young (77824K), 2 survivors (2048K)
 Metaspace       used 101128K, committed 101888K, reserved 1179648K
  class space    used 13306K, committed 13696K, reserved 1048576K
}
Event: 9834.174 GC heap after
{Heap after GC invocations=59 (full 0):
 garbage-first heap   total 150528K, used 56655K [0x000000008a400000, 0x0000000100000000)
  region size 1024K, 2 young (2048K), 2 survivors (2048K)
 Metaspace       used 101128K, committed 101888K, reserved 1179648K
  class space    used 13306K, committed 13696K, reserved 1048576K
}
Event: 10502.422 GC heap before
{Heap before GC invocations=59 (full 0):
 garbage-first heap   total 150528K, used 132431K [0x000000008a400000, 0x0000000100000000)
  region size 1024K, 76 young (77824K), 2 survivors (2048K)
 Metaspace       used 101129K, committed 101888K, reserved 1179648K
  class space    used 13306K, committed 13696K, reserved 1048576K
}
Event: 10502.429 GC heap after
{Heap after GC invocations=60 (full 0):
 garbage-first heap   total 150528K, used 56356K [0x000000008a400000, 0x0000000100000000)
  region size 1024K, 2 young (2048K), 2 survivors (2048K)
 Metaspace       used 101129K, committed 101888K, reserved 1179648K
  class space    used 13306K, committed 13696K, reserved 1048576K
}
Event: 11127.116 GC heap before
{Heap before GC invocations=60 (full 0):
 garbage-first heap   total 150528K, used 132132K [0x000000008a400000, 0x0000000100000000)
  region size 1024K, 76 young (77824K), 2 survivors (2048K)
 Metaspace       used 101148K, committed 101952K, reserved 1179648K
  class space    used 13306K, committed 13696K, reserved 1048576K
}
Event: 11127.130 GC heap after
{Heap after GC invocations=61 (full 0):
 garbage-first heap   total 150528K, used 56650K [0x000000008a400000, 0x0000000100000000)
  region size 1024K, 2 young (2048K), 2 survivors (2048K)
 Metaspace       used 101148K, committed 101952K, reserved 1179648K
  class space    used 13306K, committed 13696K, reserved 1048576K
}
Event: 11799.742 GC heap before
{Heap before GC invocations=61 (full 0):
 garbage-first heap   total 150528K, used 132426K [0x000000008a400000, 0x0000000100000000)
  region size 1024K, 76 young (77824K), 2 survivors (2048K)
 Metaspace       used 101153K, committed 101952K, reserved 1179648K
  class space    used 13306K, committed 13696K, reserved 1048576K
}
Event: 11799.774 GC heap after
{Heap after GC invocations=62 (full 0):
 garbage-first heap   total 150528K, used 56533K [0x000000008a400000, 0x0000000100000000)
  region size 1024K, 2 young (2048K), 2 survivors (2048K)
 Metaspace       used 101153K, committed 101952K, reserved 1179648K
  class space    used 13306K, committed 13696K, reserved 1048576K
}
Event: 12309.437 GC heap before
{Heap before GC invocations=62 (full 0):
 garbage-first heap   total 150528K, used 131285K [0x000000008a400000, 0x0000000100000000)
  region size 1024K, 76 young (77824K), 2 survivors (2048K)
 Metaspace       used 101211K, committed 102016K, reserved 1179648K
  class space    used 13306K, committed 13696K, reserved 1048576K
}
Event: 12309.464 GC heap after
{Heap after GC invocations=63 (full 0):
 garbage-first heap   total 150528K, used 56675K [0x000000008a400000, 0x0000000100000000)
  region size 1024K, 2 young (2048K), 2 survivors (2048K)
 Metaspace       used 101211K, committed 102016K, reserved 1179648K
  class space    used 13306K, committed 13696K, reserved 1048576K
}
Event: 12716.778 GC heap before
{Heap before GC invocations=63 (full 0):
 garbage-first heap   total 150528K, used 131427K [0x000000008a400000, 0x0000000100000000)
  region size 1024K, 76 young (77824K), 2 survivors (2048K)
 Metaspace       used 101325K, committed 102080K, reserved 1179648K
  class space    used 13306K, committed 13696K, reserved 1048576K
}
Event: 12716.797 GC heap after
{Heap after GC invocations=64 (full 0):
 garbage-first heap   total 150528K, used 56952K [0x000000008a400000, 0x0000000100000000)
  region size 1024K, 2 young (2048K), 2 survivors (2048K)
 Metaspace       used 101325K, committed 102080K, reserved 1179648K
  class space    used 13306K, committed 13696K, reserved 1048576K
}
Event: 13264.970 GC heap before
{Heap before GC invocations=64 (full 0):
 garbage-first heap   total 150528K, used 130680K [0x000000008a400000, 0x0000000100000000)
  region size 1024K, 75 young (76800K), 2 survivors (2048K)
 Metaspace       used 101336K, committed 102080K, reserved 1179648K
  class space    used 13307K, committed 13696K, reserved 1048576K
}
Event: 13265.021 GC heap after
{Heap after GC invocations=65 (full 0):
 garbage-first heap   total 150528K, used 56955K [0x000000008a400000, 0x0000000100000000)
  region size 1024K, 2 young (2048K), 2 survivors (2048K)
 Metaspace       used 101336K, committed 102080K, reserved 1179648K
  class space    used 13307K, committed 13696K, reserved 1048576K
}
Event: 13928.625 GC heap before
{Heap before GC invocations=65 (full 0):
 garbage-first heap   total 150528K, used 131707K [0x000000008a400000, 0x0000000100000000)
  region size 1024K, 75 young (76800K), 2 survivors (2048K)
 Metaspace       used 101337K, committed 102080K, reserved 1179648K
  class space    used 13307K, committed 13696K, reserved 1048576K
}
Event: 13928.659 GC heap after
{Heap after GC invocations=66 (full 0):
 garbage-first heap   total 150528K, used 56531K [0x000000008a400000, 0x0000000100000000)
  region size 1024K, 2 young (2048K), 2 survivors (2048K)
 Metaspace       used 101337K, committed 102080K, reserved 1179648K
  class space    used 13307K, committed 13696K, reserved 1048576K
}
Event: 14551.288 GC heap before
{Heap before GC invocations=66 (full 0):
 garbage-first heap   total 150528K, used 131283K [0x000000008a400000, 0x0000000100000000)
  region size 1024K, 75 young (76800K), 2 survivors (2048K)
 Metaspace       used 101360K, committed 102144K, reserved 1179648K
  class space    used 13307K, committed 13696K, reserved 1048576K
}
Event: 14551.352 GC heap after
{Heap after GC invocations=67 (full 0):
 garbage-first heap   total 150528K, used 56821K [0x000000008a400000, 0x0000000100000000)
  region size 1024K, 2 young (2048K), 2 survivors (2048K)
 Metaspace       used 101360K, committed 102144K, reserved 1179648K
  class space    used 13307K, committed 13696K, reserved 1048576K
}

